
   WARN  PHP Warning: PHP Startup: Unable to load dynamic library 'pdo_oci' (tried: ext\pdo_oci (The specified module could not be found), ext\php_pdo_oci.dll (The specified module could not be found)) in Unknown on line 0.  

   INFO  Server running on [http://127.0.0.1:8000].  

  Press Ctrl+C to stop the server

  2023-04-18 12:31:45 ............................................................................................................. ~ 1s
  2023-04-18 12:31:45 /build/assets/app.8e169bb6.css .............................................................................. ~ 1s
  2023-04-18 12:31:46 /build/assets/app.97835e37.js ............................................................................... ~ 0s
  2023-04-18 12:31:46 /favicon.ico ................................................................................................ ~ 0s
  2023-04-18 12:31:49 ............................................................................................................. ~ 1s
  2023-04-18 12:31:50 /favicon.ico ................................................................................................ ~ 0s
  2023-04-18 12:32:14 ............................................................................................................. ~ 0s
  2023-04-18 12:32:14 /build/assets/app.8e169bb6.css .............................................................................. ~ 0s
  2023-04-18 12:32:14 /build/assets/app.97835e37.js ............................................................................... ~ 0s
  2023-04-18 12:32:14 /favicon.ico ................................................................................................ ~ 0s
  2023-04-18 12:33:31 ............................................................................................................. ~ 1s
  2023-04-18 12:33:32 ............................................................................................................. ~ 0s
  2023-04-18 12:33:39 ............................................................................................................. ~ 1s
  2023-04-18 12:33:40 /build/assets/app.8e169bb6.css .............................................................................. ~ 0s
  2023-04-18 12:33:40 /build/assets/app.97835e37.js ............................................................................... ~ 0s
  2023-04-18 12:33:40 /favicon.ico ................................................................................................ ~ 0s
  2023-04-18 12:34:11 ............................................................................................................. ~ 2s
  2023-04-18 12:34:13 /build/assets/app.8e169bb6.css .............................................................................. ~ 0s
  2023-04-18 12:34:13 /build/assets/app.97835e37.js ............................................................................... ~ 0s
  2023-04-18 12:34:13 /favicon.ico ................................................................................................ ~ 0s
  2023-04-18 12:34:46 ............................................................................................................. ~ 0s
  2023-04-18 12:34:51 ............................................................................................................. ~ 1s
  2023-04-18 12:34:52 /build/assets/app.8e169bb6.css .............................................................................. ~ 0s
  2023-04-18 12:34:52 /build/assets/app.97835e37.js ............................................................................... ~ 0s
  2023-04-18 12:34:52 /favicon.ico ................................................................................................ ~ 0s
  2023-04-18 12:35:35 ............................................................................................................. ~ 1s
  2023-04-18 12:35:43 ............................................................................................................. ~ 2s
  2023-04-18 12:35:45 /build/assets/app.8e169bb6.css .............................................................................. ~ 0s
  2023-04-18 12:35:45 /build/assets/app.97835e37.js ............................................................................... ~ 0s
  2023-04-18 12:35:45 /favicon.ico ................................................................................................ ~ 0s
  2023-04-18 12:35:55 ............................................................................................................. ~ 1s
  2023-04-18 12:35:59 ............................................................................................................. ~ 1s
  2023-04-18 12:36:00 /build/assets/app.8e169bb6.css .............................................................................. ~ 0s
  2023-04-18 12:36:00 /build/assets/app.97835e37.js ............................................................................... ~ 0s
  2023-04-18 12:36:00 /favicon.ico ................................................................................................ ~ 0s
  2023-04-18 12:36:04 ............................................................................................................. ~ 2s
  2023-04-18 12:36:08 ............................................................................................................. ~ 1s
  2023-04-18 12:36:09 ............................................................................................................. ~ 0s
  2023-04-18 12:36:09 /build/assets/app.8e169bb6.css .............................................................................. ~ 0s
  2023-04-18 12:36:09 /build/assets/app.97835e37.js ............................................................................... ~ 0s
  2023-04-18 12:36:09 /favicon.ico ................................................................................................ ~ 0s
  2023-04-18 12:38:01 ............................................................................................................. ~ 1s
  2023-04-18 12:38:02 /build/assets/app.8e169bb6.css .............................................................................. ~ 0s
  2023-04-18 12:38:02 /build/assets/app.97835e37.js ............................................................................... ~ 0s
  2023-04-18 12:38:02 /favicon.ico ................................................................................................ ~ 0s
  2023-04-18 15:13:41 ............................................................................................................ ~ 53s
  2023-04-18 15:13:42 ............................................................................................................ ~ 52s
  2023-04-18 15:14:34 /css/home.css ............................................................................................... ~ 0s
  2023-04-18 15:14:34 /css/owl.carousel.min.css ................................................................................... ~ 0s
  2023-04-18 15:14:34 /css/owl.theme.default.min.css .............................................................................. ~ 0s
  2023-04-18 15:14:34 /js/owl.carousel.min.js ..................................................................................... ~ 4s
  2023-04-18 15:14:35 /userUi/logo.jpg ............................................................................................ ~ 3s
  2023-04-18 15:14:35 /userUi/RP1.jpg ............................................................................................. ~ 3s
  2023-04-18 15:14:38 /userUi/RP2.jpg ............................................................................................. ~ 0s
  2023-04-18 15:14:38 /userUi/RP3.jpg ............................................................................................. ~ 0s
  2023-04-18 15:14:38 /userUi/RP4.jpg ............................................................................................. ~ 0s
  2023-04-18 15:14:38 /storage/cover_photos/Qpc4oBgg5WlxZ456TDJOQM79nYyD5UbCiQZrBSP0.jpg .......................................... ~ 0s
  2023-04-18 15:14:38 /storage/cover_photos/N1ubpYHuURDxh0wbYlvgV0MQLXfdUbRdLm5HLibW.jpg .......................................... ~ 0s
  2023-04-18 15:14:38 /storage/cover_photos/jfHO9FzFZl5aLxlepW6LgLP25mKNghXUvjwSkEOm.jpg .......................................... ~ 0s
  2023-04-18 15:14:38 /storage/cover_photos/SaWdHdqwHw3uNiZaatkEDU1CoOrkh1ayJmWKHjsr.jpg .......................................... ~ 0s
  2023-04-18 15:14:38 /storage/cover_photos/oVa8BBVQdBCoh8utX2JMT8ieEzsIrpkeMLEgcRlf.jpg .......................................... ~ 0s
  2023-04-18 15:14:38 /storage/cover_photos/mYhncCUKhCy7txGc0nO80C0XVc8sg8fKFyvBuFGk.jpg .......................................... ~ 0s
  2023-04-18 15:14:38 /storage/cover_photos/lPYBjcCPyJTznZPleyen3ecGxJAxMYAbaz8zeGKp.jpg .......................................... ~ 0s
  2023-04-18 15:14:38 /storage/cover_photos/DQY8Tor90BustdWEhiH2Vfn9v2S8VWl3r9r1DamN.jpg .......................................... ~ 0s
  2023-04-18 15:14:38 /storage/cover_photos/wb9IVaowxxBlyViNf0l4R6D17YWOlTQ7tkjMw1Lp.jpg .......................................... ~ 0s
  2023-04-18 15:14:38 /storage/cover_photos/w0TQlFLCgl5NOOXTAGsVsVaauvJNoTw2Cjs8Agkq.jpg .......................................... ~ 0s
  2023-04-18 15:14:38 /storage/cover_photos/ItxOCOGJTcbzGVOQRj1X2lUuGR7zjrvAbA8yTuaN.jpg .......................................... ~ 1s
  2023-04-18 15:14:39 /storage/cover_photos/QM0OsrN2fe566wotOnSFyVoZwLnmqji8hjiZkzTB.jpg .......................................... ~ 0s
  2023-04-18 15:14:39 /favicon.ico ................................................................................................ ~ 0s
  2023-04-18 15:20:56 ............................................................................................................. ~ 2s
  2023-04-18 15:20:58 ............................................................................................................. ~ 0s
  2023-04-18 15:20:58 ............................................................................................................. ~ 2s
  2023-04-18 15:21:00 /build/assets/app.8e169bb6.css .............................................................................. ~ 1s
  2023-04-18 15:21:00 /images/auth-image.jpg ...................................................................................... ~ 1s
  2023-04-18 15:21:01 /images/auth-decoration.png ................................................................................. ~ 0s
  2023-04-18 15:21:00 /build/assets/app.97835e37.js ............................................................................... ~ 1s
  2023-04-18 15:21:02 /favicon.ico ................................................................................................ ~ 0s
  2023-04-18 15:21:19 ............................................................................................................. ~ 2s
  2023-04-18 15:21:21 ............................................................................................................. ~ 0s
  2023-04-18 15:21:21 ............................................................................................................. ~ 1s
  2023-04-18 15:21:22 /css/home.css ............................................................................................... ~ 0s
  2023-04-18 15:21:22 /css/owl.carousel.min.css ................................................................................... ~ 0s
  2023-04-18 15:21:22 /css/owl.theme.default.min.css .............................................................................. ~ 0s
  2023-04-18 15:21:22 /build/assets/app.97835e37.js ............................................................................... ~ 0s
  2023-04-18 15:21:22 /build/assets/app.8e169bb6.css .............................................................................. ~ 0s
  2023-04-18 15:21:22 /js/owl.carousel.min.js ..................................................................................... ~ 0s
  2023-04-18 15:21:22 /userUi/logo.jpg ............................................................................................ ~ 0s
  2023-04-18 15:21:22 /storage/cover_photos/Qpc4oBgg5WlxZ456TDJOQM79nYyD5UbCiQZrBSP0.jpg .......................................... ~ 0s
  2023-04-18 15:21:22 /storage/cover_photos/N1ubpYHuURDxh0wbYlvgV0MQLXfdUbRdLm5HLibW.jpg .......................................... ~ 0s
  2023-04-18 15:21:22 /storage/cover_photos/jfHO9FzFZl5aLxlepW6LgLP25mKNghXUvjwSkEOm.jpg .......................................... ~ 0s
  2023-04-18 15:21:22 /storage/cover_photos/SaWdHdqwHw3uNiZaatkEDU1CoOrkh1ayJmWKHjsr.jpg .......................................... ~ 0s
  2023-04-18 15:21:22 /storage/cover_photos/oVa8BBVQdBCoh8utX2JMT8ieEzsIrpkeMLEgcRlf.jpg .......................................... ~ 0s
  2023-04-18 15:21:22 /storage/cover_photos/mYhncCUKhCy7txGc0nO80C0XVc8sg8fKFyvBuFGk.jpg .......................................... ~ 0s
  2023-04-18 15:21:22 /storage/cover_photos/lPYBjcCPyJTznZPleyen3ecGxJAxMYAbaz8zeGKp.jpg .......................................... ~ 0s
  2023-04-18 15:21:22 /storage/cover_photos/DQY8Tor90BustdWEhiH2Vfn9v2S8VWl3r9r1DamN.jpg .......................................... ~ 0s
  2023-04-18 15:21:22 /storage/cover_photos/wb9IVaowxxBlyViNf0l4R6D17YWOlTQ7tkjMw1Lp.jpg .......................................... ~ 0s
  2023-04-18 15:21:22 /storage/cover_photos/w0TQlFLCgl5NOOXTAGsVsVaauvJNoTw2Cjs8Agkq.jpg .......................................... ~ 0s
  2023-04-18 15:21:23 /favicon.ico ................................................................................................ ~ 0s
  2023-04-18 15:21:25 ............................................................................................................. ~ 1s
  2023-04-18 15:21:25 /favicon.ico ................................................................................................ ~ 1s
  2023-04-18 15:22:59 ............................................................................................................. ~ 1s
  2023-04-18 15:23:00 /favicon.ico ................................................................................................ ~ 0s
  2023-04-18 15:33:52 ............................................................................................................. ~ 2s
  2023-04-18 15:33:54 /build/assets/app.8e169bb6.css .............................................................................. ~ 0s
  2023-04-18 15:33:54 /build/assets/app.97835e37.js ............................................................................... ~ 0s
  2023-04-18 15:33:54 /storage/cover_photos/Qpc4oBgg5WlxZ456TDJOQM79nYyD5UbCiQZrBSP0.jpg .......................................... ~ 0s
  2023-04-18 15:33:54 /favicon.ico ................................................................................................ ~ 0s
  2023-04-18 15:33:58 ............................................................................................................. ~ 1s
  2023-04-18 15:33:59 /build/assets/app.8e169bb6.css .............................................................................. ~ 0s
  2023-04-18 15:33:59 /build/assets/app.97835e37.js ............................................................................... ~ 0s
  2023-04-18 15:33:59 /storage/cover_photos/Qpc4oBgg5WlxZ456TDJOQM79nYyD5UbCiQZrBSP0.jpg .......................................... ~ 0s
  2023-04-18 15:33:59 /favicon.ico ................................................................................................ ~ 0s
  2023-04-18 15:34:29 ............................................................................................................. ~ 0s
  2023-04-18 15:34:29 /favicon.ico ................................................................................................ ~ 0s
  2023-04-18 15:34:49 ............................................................................................................. ~ 1s
  2023-04-18 15:34:50 /favicon.ico ................................................................................................ ~ 0s
  2023-04-18 15:35:04 ............................................................................................................. ~ 1s
  2023-04-18 15:35:05 /build/assets/app.8e169bb6.css .............................................................................. ~ 0s
  2023-04-18 15:35:05 /build/assets/app.97835e37.js ............................................................................... ~ 0s
  2023-04-18 15:35:05 /storage/cover_photos/Qpc4oBgg5WlxZ456TDJOQM79nYyD5UbCiQZrBSP0.jpg .......................................... ~ 0s
  2023-04-18 15:35:05 /favicon.ico ................................................................................................ ~ 0s
  2023-04-18 15:35:38 ............................................................................................................. ~ 3s
  2023-04-18 15:35:41 ............................................................................................................. ~ 0s
  2023-04-18 15:35:43 /favicon.ico ................................................................................................ ~ 0s
  2023-04-18 15:35:58 ............................................................................................................. ~ 1s
  2023-04-18 15:35:59 /build/assets/app.8e169bb6.css .............................................................................. ~ 0s
  2023-04-18 15:35:59 /build/assets/app.97835e37.js ............................................................................... ~ 0s
  2023-04-18 15:35:59 /storage/cover_photos/Qpc4oBgg5WlxZ456TDJOQM79nYyD5UbCiQZrBSP0.jpg .......................................... ~ 0s
  2023-04-18 15:35:59 /favicon.ico ................................................................................................ ~ 0s
  2023-04-18 15:36:01 ............................................................................................................. ~ 1s
  2023-04-18 15:36:02 ............................................................................................................. ~ 0s
  2023-04-18 15:36:02 /build/assets/app.8e169bb6.css .............................................................................. ~ 0s
  2023-04-18 15:36:02 /build/assets/app.97835e37.js ............................................................................... ~ 0s
  2023-04-18 15:36:02 /storage/cover_photos/Qpc4oBgg5WlxZ456TDJOQM79nYyD5UbCiQZrBSP0.jpg .......................................... ~ 0s
  2023-04-18 15:36:02 /favicon.ico ................................................................................................ ~ 0s
  2023-04-18 15:36:04 ............................................................................................................. ~ 1s
  2023-04-18 15:36:05 /build/assets/app.8e169bb6.css .............................................................................. ~ 0s
  2023-04-18 15:36:05 /build/assets/app.97835e37.js ............................................................................... ~ 0s
  2023-04-18 15:36:05 /storage/cover_photos/Qpc4oBgg5WlxZ456TDJOQM79nYyD5UbCiQZrBSP0.jpg .......................................... ~ 0s
  2023-04-18 15:36:06 /favicon.ico ................................................................................................ ~ 0s
  2023-04-18 15:36:07 ............................................................................................................. ~ 1s
  2023-04-18 15:36:08 /build/assets/app.8e169bb6.css .............................................................................. ~ 0s
  2023-04-18 15:36:08 /build/assets/app.97835e37.js ............................................................................... ~ 0s
  2023-04-18 15:36:08 /storage/cover_photos/Qpc4oBgg5WlxZ456TDJOQM79nYyD5UbCiQZrBSP0.jpg .......................................... ~ 0s
  2023-04-18 15:36:08 /favicon.ico ................................................................................................ ~ 0s
  2023-04-18 15:36:10 ............................................................................................................. ~ 0s
  2023-04-18 15:36:10 /build/assets/app.8e169bb6.css .............................................................................. ~ 0s
  2023-04-18 15:36:10 /build/assets/app.97835e37.js ............................................................................... ~ 0s
  2023-04-18 15:36:10 /storage/cover_photos/Qpc4oBgg5WlxZ456TDJOQM79nYyD5UbCiQZrBSP0.jpg .......................................... ~ 0s
  2023-04-18 15:36:10 /favicon.ico ................................................................................................ ~ 0s
  2023-04-18 15:38:37 ............................................................................................................. ~ 1s
  2023-04-18 15:38:38 /build/assets/app.8e169bb6.css .............................................................................. ~ 0s
  2023-04-18 15:38:38 /build/assets/app.97835e37.js ............................................................................... ~ 0s
  2023-04-18 15:38:38 /storage/cover_photos/Qpc4oBgg5WlxZ456TDJOQM79nYyD5UbCiQZrBSP0.jpg .......................................... ~ 0s
  2023-04-18 15:38:38 /favicon.ico ................................................................................................ ~ 0s
  2023-04-18 15:39:06 ............................................................................................................. ~ 1s
  2023-04-18 15:39:07 /css/home.css ............................................................................................... ~ 0s
  2023-04-18 15:39:07 /css/owl.carousel.min.css ................................................................................... ~ 0s
  2023-04-18 15:39:07 /css/owl.theme.default.min.css .............................................................................. ~ 0s
  2023-04-18 15:39:07 /js/owl.carousel.min.js ..................................................................................... ~ 0s
  2023-04-18 15:39:07 ............................................................................................................. ~ 1s
  2023-04-18 15:39:07 /userUi/logo.jpg ............................................................................................ ~ 1s
  2023-04-18 15:39:07 /userUi/RP1.jpg ............................................................................................. ~ 1s
  2023-04-18 15:39:08 /userUi/RP2.jpg ............................................................................................. ~ 0s
  2023-04-18 15:39:08 /userUi/RP3.jpg ............................................................................................. ~ 0s
  2023-04-18 15:39:08 /userUi/RP4.jpg ............................................................................................. ~ 0s
  2023-04-18 15:39:08 /storage/cover_photos/Qpc4oBgg5WlxZ456TDJOQM79nYyD5UbCiQZrBSP0.jpg .......................................... ~ 0s
  2023-04-18 15:39:08 /storage/cover_photos/N1ubpYHuURDxh0wbYlvgV0MQLXfdUbRdLm5HLibW.jpg .......................................... ~ 0s
  2023-04-18 15:39:08 /storage/cover_photos/jfHO9FzFZl5aLxlepW6LgLP25mKNghXUvjwSkEOm.jpg .......................................... ~ 0s
  2023-04-18 15:39:08 /storage/cover_photos/SaWdHdqwHw3uNiZaatkEDU1CoOrkh1ayJmWKHjsr.jpg .......................................... ~ 0s
  2023-04-18 15:39:08 /storage/cover_photos/oVa8BBVQdBCoh8utX2JMT8ieEzsIrpkeMLEgcRlf.jpg .......................................... ~ 0s
  2023-04-18 15:39:08 /storage/cover_photos/mYhncCUKhCy7txGc0nO80C0XVc8sg8fKFyvBuFGk.jpg .......................................... ~ 0s
  2023-04-18 15:39:08 /storage/cover_photos/lPYBjcCPyJTznZPleyen3ecGxJAxMYAbaz8zeGKp.jpg .......................................... ~ 0s
  2023-04-18 15:39:08 /storage/cover_photos/DQY8Tor90BustdWEhiH2Vfn9v2S8VWl3r9r1DamN.jpg .......................................... ~ 0s
  2023-04-18 15:39:08 /storage/cover_photos/wb9IVaowxxBlyViNf0l4R6D17YWOlTQ7tkjMw1Lp.jpg .......................................... ~ 0s
  2023-04-18 15:39:08 /storage/cover_photos/w0TQlFLCgl5NOOXTAGsVsVaauvJNoTw2Cjs8Agkq.jpg .......................................... ~ 0s
  2023-04-18 15:39:08 /storage/cover_photos/ItxOCOGJTcbzGVOQRj1X2lUuGR7zjrvAbA8yTuaN.jpg .......................................... ~ 0s
  2023-04-18 15:39:08 /storage/cover_photos/QM0OsrN2fe566wotOnSFyVoZwLnmqji8hjiZkzTB.jpg .......................................... ~ 0s
  2023-04-18 15:39:09 /favicon.ico ................................................................................................ ~ 0s
  2023-04-18 15:39:09 ............................................................................................................. ~ 1s
  2023-04-18 15:39:10 ............................................................................................................. ~ 1s
  2023-04-18 15:39:11 /build/assets/app.8e169bb6.css .............................................................................. ~ 0s
  2023-04-18 15:39:11 /build/assets/app.97835e37.js ............................................................................... ~ 0s
  2023-04-18 15:39:11 /images/auth-image.jpg ...................................................................................... ~ 0s
  2023-04-18 15:39:11 /images/auth-decoration.png ................................................................................. ~ 0s
  2023-04-18 15:39:12 /favicon.ico ................................................................................................ ~ 0s
  2023-04-18 15:39:15 ............................................................................................................. ~ 2s
  2023-04-18 15:39:17 /build/assets/app.8e169bb6.css .............................................................................. ~ 0s
  2023-04-18 15:39:17 /build/assets/app.97835e37.js ............................................................................... ~ 0s
  2023-04-18 15:39:17 /images/auth-image.jpg ...................................................................................... ~ 0s
  2023-04-18 15:39:17 /images/auth-decoration.png ................................................................................. ~ 0s
  2023-04-18 15:39:17 /favicon.ico ................................................................................................ ~ 0s
  2023-04-18 15:39:46 ............................................................................................................. ~ 2s
  2023-04-18 15:39:48 ............................................................................................................. ~ 1s
  2023-04-18 15:39:49 /css/home.css ............................................................................................... ~ 0s
  2023-04-18 15:39:49 /css/owl.carousel.min.css ................................................................................... ~ 0s
  2023-04-18 15:39:49 /css/owl.theme.default.min.css .............................................................................. ~ 0s
  2023-04-18 15:39:49 /build/assets/app.97835e37.js ............................................................................... ~ 0s
  2023-04-18 15:39:49 /build/assets/app.8e169bb6.css .............................................................................. ~ 0s
  2023-04-18 15:39:49 /js/owl.carousel.min.js ..................................................................................... ~ 0s
  2023-04-18 15:39:49 /userUi/logo.jpg ............................................................................................ ~ 0s
  2023-04-18 15:39:49 /storage/cover_photos/Qpc4oBgg5WlxZ456TDJOQM79nYyD5UbCiQZrBSP0.jpg .......................................... ~ 0s
  2023-04-18 15:39:49 /storage/cover_photos/N1ubpYHuURDxh0wbYlvgV0MQLXfdUbRdLm5HLibW.jpg .......................................... ~ 0s
  2023-04-18 15:39:49 /storage/cover_photos/jfHO9FzFZl5aLxlepW6LgLP25mKNghXUvjwSkEOm.jpg .......................................... ~ 0s
  2023-04-18 15:39:49 /storage/cover_photos/SaWdHdqwHw3uNiZaatkEDU1CoOrkh1ayJmWKHjsr.jpg .......................................... ~ 0s
  2023-04-18 15:39:49 /storage/cover_photos/oVa8BBVQdBCoh8utX2JMT8ieEzsIrpkeMLEgcRlf.jpg .......................................... ~ 0s
  2023-04-18 15:39:49 /storage/cover_photos/mYhncCUKhCy7txGc0nO80C0XVc8sg8fKFyvBuFGk.jpg .......................................... ~ 0s
  2023-04-18 15:39:49 /storage/cover_photos/lPYBjcCPyJTznZPleyen3ecGxJAxMYAbaz8zeGKp.jpg .......................................... ~ 0s
  2023-04-18 15:39:49 /storage/cover_photos/DQY8Tor90BustdWEhiH2Vfn9v2S8VWl3r9r1DamN.jpg .......................................... ~ 0s
  2023-04-18 15:39:49 /storage/cover_photos/wb9IVaowxxBlyViNf0l4R6D17YWOlTQ7tkjMw1Lp.jpg .......................................... ~ 0s
  2023-04-18 15:39:49 /storage/cover_photos/w0TQlFLCgl5NOOXTAGsVsVaauvJNoTw2Cjs8Agkq.jpg .......................................... ~ 0s
  2023-04-18 15:39:50 /favicon.ico ................................................................................................ ~ 0s
  2023-04-18 15:39:51 ............................................................................................................. ~ 1s
  2023-04-18 15:39:52 /build/assets/app.8e169bb6.css .............................................................................. ~ 0s
  2023-04-18 15:39:52 /build/assets/app.97835e37.js ............................................................................... ~ 0s
  2023-04-18 15:39:52 /storage/cover_photos/Qpc4oBgg5WlxZ456TDJOQM79nYyD5UbCiQZrBSP0.jpg .......................................... ~ 0s
  2023-04-18 15:39:53 /favicon.ico ................................................................................................ ~ 0s
  2023-04-18 15:40:01 ............................................................................................................. ~ 1s
  2023-04-18 15:40:02 /build/assets/app.8e169bb6.css .............................................................................. ~ 0s
  2023-04-18 15:40:02 /build/assets/app.97835e37.js ............................................................................... ~ 0s
  2023-04-18 15:40:02 /storage/cover_photos/Qpc4oBgg5WlxZ456TDJOQM79nYyD5UbCiQZrBSP0.jpg .......................................... ~ 0s
  2023-04-18 15:40:02 /favicon.ico ................................................................................................ ~ 0s
  2023-04-18 15:41:12 ............................................................................................................. ~ 1s
  2023-04-18 15:41:13 /build/assets/app.8e169bb6.css .............................................................................. ~ 0s
  2023-04-18 15:41:13 /build/assets/app.97835e37.js ............................................................................... ~ 0s
  2023-04-18 15:41:13 /storage/cover_photos/Qpc4oBgg5WlxZ456TDJOQM79nYyD5UbCiQZrBSP0.jpg .......................................... ~ 0s
  2023-04-18 15:41:13 /favicon.ico ................................................................................................ ~ 0s
  2023-04-18 15:41:30 ............................................................................................................. ~ 1s
  2023-04-18 15:41:31 /css/home.css ............................................................................................... ~ 0s
  2023-04-18 15:41:31 /css/owl.carousel.min.css ................................................................................... ~ 0s
  2023-04-18 15:41:31 /css/owl.theme.default.min.css .............................................................................. ~ 0s
  2023-04-18 15:41:31 ............................................................................................................. ~ 1s
  2023-04-18 15:41:31 /js/owl.carousel.min.js ..................................................................................... ~ 1s
  2023-04-18 15:41:32 /userUi/logo.jpg ............................................................................................ ~ 0s
  2023-04-18 15:41:32 /userUi/RP1.jpg ............................................................................................. ~ 0s
  2023-04-18 15:41:32 /userUi/RP2.jpg ............................................................................................. ~ 0s
  2023-04-18 15:41:32 /userUi/RP3.jpg ............................................................................................. ~ 0s
  2023-04-18 15:41:32 /userUi/RP4.jpg ............................................................................................. ~ 0s
  2023-04-18 15:41:32 /storage/cover_photos/Qpc4oBgg5WlxZ456TDJOQM79nYyD5UbCiQZrBSP0.jpg .......................................... ~ 0s
  2023-04-18 15:41:32 /storage/cover_photos/N1ubpYHuURDxh0wbYlvgV0MQLXfdUbRdLm5HLibW.jpg .......................................... ~ 0s
  2023-04-18 15:41:32 /storage/cover_photos/jfHO9FzFZl5aLxlepW6LgLP25mKNghXUvjwSkEOm.jpg .......................................... ~ 0s
  2023-04-18 15:41:32 /storage/cover_photos/SaWdHdqwHw3uNiZaatkEDU1CoOrkh1ayJmWKHjsr.jpg .......................................... ~ 0s
  2023-04-18 15:41:32 /storage/cover_photos/oVa8BBVQdBCoh8utX2JMT8ieEzsIrpkeMLEgcRlf.jpg .......................................... ~ 0s
  2023-04-18 15:41:32 /storage/cover_photos/mYhncCUKhCy7txGc0nO80C0XVc8sg8fKFyvBuFGk.jpg .......................................... ~ 0s
  2023-04-18 15:41:32 /storage/cover_photos/lPYBjcCPyJTznZPleyen3ecGxJAxMYAbaz8zeGKp.jpg .......................................... ~ 0s
  2023-04-18 15:41:32 /storage/cover_photos/DQY8Tor90BustdWEhiH2Vfn9v2S8VWl3r9r1DamN.jpg .......................................... ~ 0s
  2023-04-18 15:41:32 /storage/cover_photos/wb9IVaowxxBlyViNf0l4R6D17YWOlTQ7tkjMw1Lp.jpg .......................................... ~ 0s
  2023-04-18 15:41:32 /storage/cover_photos/w0TQlFLCgl5NOOXTAGsVsVaauvJNoTw2Cjs8Agkq.jpg .......................................... ~ 0s
  2023-04-18 15:41:32 /storage/cover_photos/ItxOCOGJTcbzGVOQRj1X2lUuGR7zjrvAbA8yTuaN.jpg .......................................... ~ 0s
  2023-04-18 15:41:32 /storage/cover_photos/QM0OsrN2fe566wotOnSFyVoZwLnmqji8hjiZkzTB.jpg .......................................... ~ 0s
  2023-04-18 15:41:32 /favicon.ico ................................................................................................ ~ 0s
  2023-04-18 15:41:33 ............................................................................................................. ~ 0s
  2023-04-18 15:41:33 ............................................................................................................. ~ 1s
  2023-04-18 15:41:34 /build/assets/app.8e169bb6.css .............................................................................. ~ 0s
  2023-04-18 15:41:34 /build/assets/app.97835e37.js ............................................................................... ~ 0s
  2023-04-18 15:41:34 /images/auth-image.jpg ...................................................................................... ~ 0s
  2023-04-18 15:41:34 /images/auth-decoration.png ................................................................................. ~ 0s
  2023-04-18 15:41:36 /favicon.ico ................................................................................................ ~ 0s
  2023-04-18 15:41:37 ............................................................................................................. ~ 0s
  2023-04-18 15:41:37 /build/assets/app.8e169bb6.css .............................................................................. ~ 0s
  2023-04-18 15:41:37 /build/assets/app.97835e37.js ............................................................................... ~ 0s
  2023-04-18 15:41:37 /images/auth-image.jpg ...................................................................................... ~ 0s
  2023-04-18 15:41:37 /images/auth-decoration.png ................................................................................. ~ 0s
  2023-04-18 15:41:37 /favicon.ico ................................................................................................ ~ 0s
  2023-04-18 15:41:50 ............................................................................................................. ~ 2s
  2023-04-18 15:41:52 ............................................................................................................. ~ 1s
  2023-04-18 15:41:53 /favicon.ico ................................................................................................ ~ 0s
  2023-04-18 15:41:57 ............................................................................................................. ~ 1s
  2023-04-18 15:41:58 /favicon.ico ................................................................................................ ~ 0s
  2023-04-18 15:42:00 /favicon.ico ................................................................................................ ~ 0s
  2023-04-18 15:42:05 ............................................................................................................. ~ 0s
  2023-04-18 15:42:05 /build/assets/app.8e169bb6.css .............................................................................. ~ 0s
  2023-04-18 15:42:05 /build/assets/app.97835e37.js ............................................................................... ~ 0s
  2023-04-18 15:42:05 /images/auth-image.jpg ...................................................................................... ~ 0s
  2023-04-18 15:42:05 /images/auth-decoration.png ................................................................................. ~ 0s
  2023-04-18 15:42:05 /favicon.ico ................................................................................................ ~ 0s
  2023-04-18 15:42:18 ............................................................................................................. ~ 0s
  2023-04-18 15:42:18 ............................................................................................................. ~ 1s
  2023-04-18 15:42:19 /css/home.css ............................................................................................... ~ 0s
  2023-04-18 15:42:19 /css/owl.carousel.min.css ................................................................................... ~ 0s
  2023-04-18 15:42:19 /css/owl.theme.default.min.css .............................................................................. ~ 0s
  2023-04-18 15:42:19 /js/owl.carousel.min.js ..................................................................................... ~ 0s
  2023-04-18 15:42:19 /userUi/logo.jpg ............................................................................................ ~ 0s
  2023-04-18 15:42:19 /userUi/RP1.jpg ............................................................................................. ~ 0s
  2023-04-18 15:42:19 /userUi/RP2.jpg ............................................................................................. ~ 0s
  2023-04-18 15:42:19 /userUi/RP3.jpg ............................................................................................. ~ 0s
  2023-04-18 15:42:19 /userUi/RP4.jpg ............................................................................................. ~ 0s
  2023-04-18 15:42:19 /storage/cover_photos/Qpc4oBgg5WlxZ456TDJOQM79nYyD5UbCiQZrBSP0.jpg .......................................... ~ 0s
  2023-04-18 15:42:19 /storage/cover_photos/N1ubpYHuURDxh0wbYlvgV0MQLXfdUbRdLm5HLibW.jpg .......................................... ~ 0s
  2023-04-18 15:42:19 /storage/cover_photos/jfHO9FzFZl5aLxlepW6LgLP25mKNghXUvjwSkEOm.jpg .......................................... ~ 0s
  2023-04-18 15:42:19 /storage/cover_photos/SaWdHdqwHw3uNiZaatkEDU1CoOrkh1ayJmWKHjsr.jpg .......................................... ~ 0s
  2023-04-18 15:42:19 /storage/cover_photos/oVa8BBVQdBCoh8utX2JMT8ieEzsIrpkeMLEgcRlf.jpg .......................................... ~ 0s
  2023-04-18 15:42:19 /storage/cover_photos/mYhncCUKhCy7txGc0nO80C0XVc8sg8fKFyvBuFGk.jpg .......................................... ~ 0s
  2023-04-18 15:42:19 /storage/cover_photos/lPYBjcCPyJTznZPleyen3ecGxJAxMYAbaz8zeGKp.jpg .......................................... ~ 0s
  2023-04-18 15:42:19 /storage/cover_photos/DQY8Tor90BustdWEhiH2Vfn9v2S8VWl3r9r1DamN.jpg .......................................... ~ 0s
  2023-04-18 15:42:19 /storage/cover_photos/wb9IVaowxxBlyViNf0l4R6D17YWOlTQ7tkjMw1Lp.jpg .......................................... ~ 0s
  2023-04-18 15:42:19 /storage/cover_photos/w0TQlFLCgl5NOOXTAGsVsVaauvJNoTw2Cjs8Agkq.jpg .......................................... ~ 0s
  2023-04-18 15:42:19 /storage/cover_photos/ItxOCOGJTcbzGVOQRj1X2lUuGR7zjrvAbA8yTuaN.jpg .......................................... ~ 0s
  2023-04-18 15:42:19 /storage/cover_photos/QM0OsrN2fe566wotOnSFyVoZwLnmqji8hjiZkzTB.jpg .......................................... ~ 0s
  2023-04-18 15:42:19 /favicon.ico ................................................................................................ ~ 0s
  2023-04-18 15:42:20 ............................................................................................................. ~ 2s
  2023-04-18 15:42:22 /css/home.css ............................................................................................... ~ 0s
  2023-04-18 15:42:22 /css/owl.carousel.min.css ................................................................................... ~ 0s
  2023-04-18 15:42:22 /css/owl.theme.default.min.css .............................................................................. ~ 0s
  2023-04-18 15:42:22 /build/assets/app.8e169bb6.css .............................................................................. ~ 0s
  2023-04-18 15:42:22 /build/assets/app.97835e37.js ............................................................................... ~ 0s
  2023-04-18 15:42:22 /js/owl.carousel.min.js ..................................................................................... ~ 0s
  2023-04-18 15:42:22 /userUi/logo.jpg ............................................................................................ ~ 0s
  2023-04-18 15:42:22 /storage/cover_photos/Qpc4oBgg5WlxZ456TDJOQM79nYyD5UbCiQZrBSP0.jpg .......................................... ~ 0s
  2023-04-18 15:42:22 /storage/cover_photos/N1ubpYHuURDxh0wbYlvgV0MQLXfdUbRdLm5HLibW.jpg .......................................... ~ 0s
  2023-04-18 15:42:22 /storage/cover_photos/jfHO9FzFZl5aLxlepW6LgLP25mKNghXUvjwSkEOm.jpg .......................................... ~ 0s
  2023-04-18 15:42:22 /storage/cover_photos/SaWdHdqwHw3uNiZaatkEDU1CoOrkh1ayJmWKHjsr.jpg .......................................... ~ 0s
  2023-04-18 15:42:22 /storage/cover_photos/oVa8BBVQdBCoh8utX2JMT8ieEzsIrpkeMLEgcRlf.jpg .......................................... ~ 0s
  2023-04-18 15:42:22 /storage/cover_photos/mYhncCUKhCy7txGc0nO80C0XVc8sg8fKFyvBuFGk.jpg .......................................... ~ 0s
  2023-04-18 15:42:22 /storage/cover_photos/lPYBjcCPyJTznZPleyen3ecGxJAxMYAbaz8zeGKp.jpg .......................................... ~ 0s
  2023-04-18 15:42:22 /storage/cover_photos/DQY8Tor90BustdWEhiH2Vfn9v2S8VWl3r9r1DamN.jpg .......................................... ~ 0s
  2023-04-18 15:42:22 /storage/cover_photos/wb9IVaowxxBlyViNf0l4R6D17YWOlTQ7tkjMw1Lp.jpg .......................................... ~ 0s
  2023-04-18 15:42:22 /storage/cover_photos/w0TQlFLCgl5NOOXTAGsVsVaauvJNoTw2Cjs8Agkq.jpg .......................................... ~ 0s
  2023-04-18 15:42:23 /favicon.ico ................................................................................................ ~ 0s
  2023-04-18 15:42:24 ............................................................................................................. ~ 1s
  2023-04-18 15:42:25 /build/assets/app.8e169bb6.css .............................................................................. ~ 0s
  2023-04-18 15:42:25 /build/assets/app.97835e37.js ............................................................................... ~ 0s
  2023-04-18 15:42:25 /storage/cover_photos/Qpc4oBgg5WlxZ456TDJOQM79nYyD5UbCiQZrBSP0.jpg .......................................... ~ 0s
  2023-04-18 15:42:26 /favicon.ico ................................................................................................ ~ 0s
  2023-04-18 15:45:17 ............................................................................................................. ~ 1s
  2023-04-18 15:45:18 /favicon.ico ................................................................................................ ~ 0s
  2023-04-18 15:45:21 ............................................................................................................. ~ 1s
  2023-04-18 15:45:22 ............................................................................................................. ~ 0s
  2023-04-18 15:45:22 /build/assets/app.8e169bb6.css .............................................................................. ~ 0s
  2023-04-18 15:45:22 /build/assets/app.97835e37.js ............................................................................... ~ 0s
  2023-04-18 15:45:22 /storage/cover_photos/N1ubpYHuURDxh0wbYlvgV0MQLXfdUbRdLm5HLibW.jpg .......................................... ~ 0s
  2023-04-18 15:45:22 /favicon.ico ................................................................................................ ~ 0s
  2023-04-18 15:45:34 ............................................................................................................. ~ 1s
  2023-04-18 15:45:35 /favicon.ico ................................................................................................ ~ 0s
  2023-04-18 15:45:36 ............................................................................................................. ~ 2s
  2023-04-18 15:45:38 /build/assets/app.8e169bb6.css .............................................................................. ~ 0s
  2023-04-18 15:45:38 /build/assets/app.97835e37.js ............................................................................... ~ 0s
  2023-04-18 15:45:38 /storage/cover_photos/N1ubpYHuURDxh0wbYlvgV0MQLXfdUbRdLm5HLibW.jpg .......................................... ~ 0s
  2023-04-18 15:45:38 /favicon.ico ................................................................................................ ~ 0s
  2023-04-18 15:47:18 ............................................................................................................. ~ 1s
  2023-04-18 15:47:19 /favicon.ico ................................................................................................ ~ 0s
  2023-04-18 15:47:20 ............................................................................................................. ~ 3s
  2023-04-18 15:47:23 /build/assets/app.8e169bb6.css .............................................................................. ~ 0s
  2023-04-18 15:47:23 /build/assets/app.97835e37.js ............................................................................... ~ 0s
  2023-04-18 15:47:23 /storage/cover_photos/jfHO9FzFZl5aLxlepW6LgLP25mKNghXUvjwSkEOm.jpg .......................................... ~ 0s
  2023-04-18 15:47:23 /favicon.ico ................................................................................................ ~ 0s
  2023-04-18 15:47:26 ............................................................................................................. ~ 1s
  2023-04-18 15:47:26 /favicon.ico ................................................................................................ ~ 2s
  2023-04-18 15:47:31 ............................................................................................................. ~ 1s
  2023-04-18 15:47:32 /build/assets/app.8e169bb6.css .............................................................................. ~ 0s
  2023-04-18 15:47:32 /build/assets/app.97835e37.js ............................................................................... ~ 0s
  2023-04-18 15:47:32 /storage/cover_photos/jfHO9FzFZl5aLxlepW6LgLP25mKNghXUvjwSkEOm.jpg .......................................... ~ 0s
  2023-04-18 15:47:32 /favicon.ico ................................................................................................ ~ 0s
  2023-04-18 15:47:34 ............................................................................................................. ~ 1s
  2023-04-18 15:47:35 /favicon.ico ................................................................................................ ~ 0s
  2023-04-18 15:47:36 ............................................................................................................. ~ 2s
  2023-04-18 15:47:38 /build/assets/app.8e169bb6.css .............................................................................. ~ 0s
  2023-04-18 15:47:38 /build/assets/app.97835e37.js ............................................................................... ~ 0s
  2023-04-18 15:47:38 /storage/cover_photos/SaWdHdqwHw3uNiZaatkEDU1CoOrkh1ayJmWKHjsr.jpg .......................................... ~ 0s
  2023-04-18 15:47:38 /favicon.ico ................................................................................................ ~ 0s
  2023-04-18 15:47:43 ............................................................................................................. ~ 1s
  2023-04-18 15:47:44 /favicon.ico ................................................................................................ ~ 0s
  2023-04-18 15:47:48 ............................................................................................................. ~ 1s
  2023-04-18 15:47:49 ............................................................................................................. ~ 1s
  2023-04-18 15:47:50 /build/assets/app.8e169bb6.css .............................................................................. ~ 0s
  2023-04-18 15:47:50 /build/assets/app.97835e37.js ............................................................................... ~ 0s
  2023-04-18 15:47:50 /storage/cover_photos/SaWdHdqwHw3uNiZaatkEDU1CoOrkh1ayJmWKHjsr.jpg .......................................... ~ 0s
  2023-04-18 15:47:50 /favicon.ico ................................................................................................ ~ 0s
  2023-04-18 15:47:55 ............................................................................................................. ~ 1s
  2023-04-18 15:47:56 ............................................................................................................. ~ 1s
  2023-04-18 15:47:56 ............................................................................................................. ~ 6s
  2023-04-18 15:48:02 /images/user-36-01.jpg ...................................................................................... ~ 0s
  2023-04-18 15:48:02 /images/user-36-02.jpg ...................................................................................... ~ 0s
  2023-04-18 15:48:02 /images/user-36-03.jpg ...................................................................................... ~ 0s
  2023-04-18 15:48:02 /images/user-36-04.jpg ...................................................................................... ~ 0s
  2023-04-18 15:48:02 /images/icon-01.svg ......................................................................................... ~ 0s
  2023-04-18 15:48:02 /images/icon-02.svg ......................................................................................... ~ 0s
  2023-04-18 15:48:02 /images/icon-03.svg ......................................................................................... ~ 0s
  2023-04-18 15:48:02 /images/user-36-05.jpg ...................................................................................... ~ 0s
  2023-04-18 15:48:02 /images/user-36-06.jpg ...................................................................................... ~ 1s
  2023-04-18 15:48:02 ............................................................................................................. ~ 1s
  2023-04-18 15:48:02 /images/user-36-07.jpg ...................................................................................... ~ 1s
  2023-04-18 15:48:03 ............................................................................................................. ~ 1s
  2023-04-18 15:48:02 /images/user-36-08.jpg ...................................................................................... ~ 2s
  2023-04-18 15:48:03 ............................................................................................................. ~ 1s
  2023-04-18 15:48:02 /images/user-36-09.jpg ...................................................................................... ~ 2s
  2023-04-18 15:48:04 ............................................................................................................. ~ 2s
  2023-04-18 15:48:04 ............................................................................................................. ~ 2s
  2023-04-18 15:48:06 ............................................................................................................. ~ 1s
  2023-04-18 15:48:06 ............................................................................................................. ~ 2s
  2023-04-18 15:48:07 ............................................................................................................. ~ 2s
  2023-04-18 15:48:08 ............................................................................................................. ~ 2s
  2023-04-18 15:48:09 ............................................................................................................. ~ 1s
  2023-04-18 15:48:10 /favicon.ico ................................................................................................ ~ 0s
  2023-04-18 15:48:10 /favicon.ico ................................................................................................ ~ 0s
  2023-04-18 15:48:12 ............................................................................................................. ~ 1s
  2023-04-18 15:48:13 /build/assets/app.8e169bb6.css .............................................................................. ~ 0s
  2023-04-18 15:48:13 /build/assets/app.97835e37.js ............................................................................... ~ 0s
  2023-04-18 15:48:13 /storage/cover_photos/oVa8BBVQdBCoh8utX2JMT8ieEzsIrpkeMLEgcRlf.jpg .......................................... ~ 0s
  2023-04-18 15:48:14 /favicon.ico ................................................................................................ ~ 0s
  2023-04-18 15:48:18 ............................................................................................................. ~ 2s
  2023-04-18 15:48:20 /favicon.ico ................................................................................................ ~ 0s
  2023-04-18 15:48:21 ............................................................................................................. ~ 1s
  2023-04-18 15:48:22 /build/assets/app.8e169bb6.css .............................................................................. ~ 0s
  2023-04-18 15:48:22 /build/assets/app.97835e37.js ............................................................................... ~ 0s
  2023-04-18 15:48:22 /storage/cover_photos/oVa8BBVQdBCoh8utX2JMT8ieEzsIrpkeMLEgcRlf.jpg .......................................... ~ 0s
  2023-04-18 15:48:22 /favicon.ico ................................................................................................ ~ 0s
  2023-04-18 15:48:24 ............................................................................................................. ~ 2s
  2023-04-18 15:48:26 /build/assets/app.8e169bb6.css .............................................................................. ~ 0s
  2023-04-18 15:48:26 /build/assets/app.97835e37.js ............................................................................... ~ 0s
  2023-04-18 15:48:26 /storage/cover_photos/oVa8BBVQdBCoh8utX2JMT8ieEzsIrpkeMLEgcRlf.jpg .......................................... ~ 0s
  2023-04-18 15:48:26 /favicon.ico ................................................................................................ ~ 0s
  2023-04-18 15:48:28 ............................................................................................................. ~ 1s
  2023-04-18 15:48:29 /build/assets/app.8e169bb6.css .............................................................................. ~ 0s
  2023-04-18 15:48:29 /build/assets/app.97835e37.js ............................................................................... ~ 0s
  2023-04-18 15:48:29 /storage/cover_photos/oVa8BBVQdBCoh8utX2JMT8ieEzsIrpkeMLEgcRlf.jpg .......................................... ~ 0s
  2023-04-18 15:48:29 /favicon.ico ................................................................................................ ~ 0s
  2023-04-18 15:48:31 ............................................................................................................. ~ 1s
  2023-04-18 15:48:32 /build/assets/app.8e169bb6.css .............................................................................. ~ 0s
  2023-04-18 15:48:32 /build/assets/app.97835e37.js ............................................................................... ~ 0s
  2023-04-18 15:48:32 /storage/cover_photos/oVa8BBVQdBCoh8utX2JMT8ieEzsIrpkeMLEgcRlf.jpg .......................................... ~ 0s
  2023-04-18 15:48:32 /favicon.ico ................................................................................................ ~ 0s
  2023-04-18 15:48:34 ............................................................................................................. ~ 0s
  2023-04-18 15:48:34 /build/assets/app.8e169bb6.css .............................................................................. ~ 0s
  2023-04-18 15:48:34 /build/assets/app.97835e37.js ............................................................................... ~ 0s
  2023-04-18 15:48:34 /storage/cover_photos/oVa8BBVQdBCoh8utX2JMT8ieEzsIrpkeMLEgcRlf.jpg .......................................... ~ 0s
  2023-04-18 15:48:34 /favicon.ico ................................................................................................ ~ 0s
  2023-04-18 15:48:35 ............................................................................................................. ~ 1s
  2023-04-18 15:48:36 /build/assets/app.8e169bb6.css .............................................................................. ~ 0s
  2023-04-18 15:48:36 /build/assets/app.97835e37.js ............................................................................... ~ 0s
  2023-04-18 15:48:36 /storage/cover_photos/oVa8BBVQdBCoh8utX2JMT8ieEzsIrpkeMLEgcRlf.jpg .......................................... ~ 0s
  2023-04-18 15:48:36 /favicon.ico ................................................................................................ ~ 0s
  2023-04-18 15:48:39 ............................................................................................................. ~ 1s
  2023-04-18 15:48:40 /build/assets/app.8e169bb6.css .............................................................................. ~ 0s
  2023-04-18 15:48:40 /build/assets/app.97835e37.js ............................................................................... ~ 0s
  2023-04-18 15:48:40 ............................................................................................................. ~ 1s
  2023-04-18 15:48:41 /favicon.ico ................................................................................................ ~ 0s
  2023-04-18 15:48:44 ............................................................................................................. ~ 1s
  2023-04-18 15:48:45 ............................................................................................................. ~ 0s
  2023-04-18 15:48:45 /favicon.ico ................................................................................................ ~ 0s
  2023-04-18 15:48:47 ............................................................................................................. ~ 1s
  2023-04-18 15:48:48 /build/assets/app.8e169bb6.css .............................................................................. ~ 0s
  2023-04-18 15:48:48 /build/assets/app.97835e37.js ............................................................................... ~ 0s
  2023-04-18 15:48:48 /storage/cover_photos/oVa8BBVQdBCoh8utX2JMT8ieEzsIrpkeMLEgcRlf.jpg .......................................... ~ 0s
  2023-04-18 15:48:48 /favicon.ico ................................................................................................ ~ 0s
  2023-04-18 15:48:50 ............................................................................................................. ~ 0s
  2023-04-18 15:48:50 /build/assets/app.8e169bb6.css .............................................................................. ~ 0s
  2023-04-18 15:48:50 /build/assets/app.97835e37.js ............................................................................... ~ 0s
  2023-04-18 15:48:50 /storage/cover_photos/oVa8BBVQdBCoh8utX2JMT8ieEzsIrpkeMLEgcRlf.jpg .......................................... ~ 0s
  2023-04-18 15:48:50 /favicon.ico ................................................................................................ ~ 0s
  2023-04-18 15:48:52 ............................................................................................................. ~ 1s
  2023-04-18 15:48:53 ............................................................................................................. ~ 2s
  2023-04-18 15:48:55 ............................................................................................................. ~ 0s
  2023-04-18 15:48:57 ............................................................................................................. ~ 0s
  2023-04-18 15:48:58 ............................................................................................................. ~ 1s
  2023-04-18 15:49:01 ............................................................................................................. ~ 1s
  2023-04-18 15:49:03 ............................................................................................................. ~ 1s
  2023-04-18 15:49:05 ............................................................................................................. ~ 1s
  2023-04-18 15:49:07 ............................................................................................................. ~ 0s
  2023-04-18 15:49:49 ............................................................................................................. ~ 1s
  2023-04-18 15:49:50 ............................................................................................................. ~ 1s
  2023-04-18 15:49:51 /favicon.ico ................................................................................................ ~ 0s
  2023-04-18 15:50:05 ............................................................................................................. ~ 7s
  2023-04-18 15:50:17 ............................................................................................................. ~ 0s
  2023-04-18 15:50:18 /css/home.css ............................................................................................... ~ 0s
  2023-04-18 15:50:18 /css/owl.carousel.min.css ................................................................................... ~ 0s
  2023-04-18 15:50:18 /css/owl.theme.default.min.css .............................................................................. ~ 0s
  2023-04-18 15:50:18 /js/owl.carousel.min.js ..................................................................................... ~ 0s
  2023-04-18 15:50:18 ............................................................................................................. ~ 0s
  2023-04-18 15:50:18 /userUi/logo.jpg ............................................................................................ ~ 0s
  2023-04-18 15:50:18 /userUi/RP1.jpg ............................................................................................. ~ 0s
  2023-04-18 15:50:18 /userUi/RP2.jpg ............................................................................................. ~ 0s
  2023-04-18 15:50:18 /userUi/RP3.jpg ............................................................................................. ~ 0s
  2023-04-18 15:50:18 /userUi/RP4.jpg ............................................................................................. ~ 0s
  2023-04-18 15:50:18 /storage/cover_photos/Qpc4oBgg5WlxZ456TDJOQM79nYyD5UbCiQZrBSP0.jpg .......................................... ~ 0s
  2023-04-18 15:50:18 /storage/cover_photos/N1ubpYHuURDxh0wbYlvgV0MQLXfdUbRdLm5HLibW.jpg .......................................... ~ 0s
  2023-04-18 15:50:18 /storage/cover_photos/jfHO9FzFZl5aLxlepW6LgLP25mKNghXUvjwSkEOm.jpg .......................................... ~ 0s
  2023-04-18 15:50:18 /storage/cover_photos/SaWdHdqwHw3uNiZaatkEDU1CoOrkh1ayJmWKHjsr.jpg .......................................... ~ 0s
  2023-04-18 15:50:18 /storage/cover_photos/oVa8BBVQdBCoh8utX2JMT8ieEzsIrpkeMLEgcRlf.jpg .......................................... ~ 0s
  2023-04-18 15:50:18 /storage/cover_photos/mYhncCUKhCy7txGc0nO80C0XVc8sg8fKFyvBuFGk.jpg .......................................... ~ 0s
  2023-04-18 15:50:18 /storage/cover_photos/lPYBjcCPyJTznZPleyen3ecGxJAxMYAbaz8zeGKp.jpg .......................................... ~ 0s
  2023-04-18 15:50:18 /storage/cover_photos/DQY8Tor90BustdWEhiH2Vfn9v2S8VWl3r9r1DamN.jpg .......................................... ~ 0s
  2023-04-18 15:50:18 /storage/cover_photos/wb9IVaowxxBlyViNf0l4R6D17YWOlTQ7tkjMw1Lp.jpg .......................................... ~ 0s
  2023-04-18 15:50:18 /storage/cover_photos/w0TQlFLCgl5NOOXTAGsVsVaauvJNoTw2Cjs8Agkq.jpg .......................................... ~ 0s
  2023-04-18 15:50:18 /storage/cover_photos/ItxOCOGJTcbzGVOQRj1X2lUuGR7zjrvAbA8yTuaN.jpg .......................................... ~ 0s
  2023-04-18 15:50:18 /storage/cover_photos/QM0OsrN2fe566wotOnSFyVoZwLnmqji8hjiZkzTB.jpg .......................................... ~ 0s
  2023-04-18 15:50:19 /favicon.ico ................................................................................................ ~ 0s
  2023-04-18 15:50:19 ............................................................................................................. ~ 1s
  2023-04-18 15:50:20 ............................................................................................................. ~ 0s
  2023-04-18 15:50:20 /build/assets/app.8e169bb6.css .............................................................................. ~ 0s
  2023-04-18 15:50:20 /build/assets/app.97835e37.js ............................................................................... ~ 0s
  2023-04-18 15:50:20 /images/auth-image.jpg ...................................................................................... ~ 0s
  2023-04-18 15:50:20 /images/auth-decoration.png ................................................................................. ~ 0s
  2023-04-18 15:50:22 /favicon.ico ................................................................................................ ~ 0s
  2023-04-18 15:50:23 ............................................................................................................. ~ 1s
  2023-04-18 15:50:24 /build/assets/app.8e169bb6.css .............................................................................. ~ 0s
  2023-04-18 15:50:24 /build/assets/app.97835e37.js ............................................................................... ~ 0s
  2023-04-18 15:50:24 /images/auth-image.jpg ...................................................................................... ~ 0s
  2023-04-18 15:50:24 /images/auth-decoration.png ................................................................................. ~ 0s
  2023-04-18 15:50:24 /favicon.ico ................................................................................................ ~ 0s
  2023-04-18 15:50:38 ............................................................................................................. ~ 1s
  2023-04-18 15:50:39 ............................................................................................................. ~ 1s
  2023-04-18 15:50:40 /css/home.css ............................................................................................... ~ 0s
  2023-04-18 15:50:40 /css/owl.carousel.min.css ................................................................................... ~ 0s
  2023-04-18 15:50:40 /css/owl.theme.default.min.css .............................................................................. ~ 0s
  2023-04-18 15:50:40 /build/assets/app.97835e37.js ............................................................................... ~ 0s
  2023-04-18 15:50:40 /build/assets/app.8e169bb6.css .............................................................................. ~ 0s
  2023-04-18 15:50:40 /js/owl.carousel.min.js ..................................................................................... ~ 0s
  2023-04-18 15:50:40 /userUi/logo.jpg ............................................................................................ ~ 0s
  2023-04-18 15:50:40 /storage/cover_photos/Qpc4oBgg5WlxZ456TDJOQM79nYyD5UbCiQZrBSP0.jpg .......................................... ~ 0s
  2023-04-18 15:50:40 /storage/cover_photos/N1ubpYHuURDxh0wbYlvgV0MQLXfdUbRdLm5HLibW.jpg .......................................... ~ 0s
  2023-04-18 15:50:40 /storage/cover_photos/jfHO9FzFZl5aLxlepW6LgLP25mKNghXUvjwSkEOm.jpg .......................................... ~ 0s
  2023-04-18 15:50:40 /storage/cover_photos/SaWdHdqwHw3uNiZaatkEDU1CoOrkh1ayJmWKHjsr.jpg .......................................... ~ 0s
  2023-04-18 15:50:40 /storage/cover_photos/oVa8BBVQdBCoh8utX2JMT8ieEzsIrpkeMLEgcRlf.jpg .......................................... ~ 0s
  2023-04-18 15:50:40 /storage/cover_photos/mYhncCUKhCy7txGc0nO80C0XVc8sg8fKFyvBuFGk.jpg .......................................... ~ 0s
  2023-04-18 15:50:40 /storage/cover_photos/lPYBjcCPyJTznZPleyen3ecGxJAxMYAbaz8zeGKp.jpg .......................................... ~ 0s
  2023-04-18 15:50:40 /storage/cover_photos/DQY8Tor90BustdWEhiH2Vfn9v2S8VWl3r9r1DamN.jpg .......................................... ~ 0s
  2023-04-18 15:50:40 /storage/cover_photos/wb9IVaowxxBlyViNf0l4R6D17YWOlTQ7tkjMw1Lp.jpg .......................................... ~ 0s
  2023-04-18 15:50:40 /storage/cover_photos/w0TQlFLCgl5NOOXTAGsVsVaauvJNoTw2Cjs8Agkq.jpg .......................................... ~ 0s
  2023-04-18 15:50:40 /favicon.ico ................................................................................................ ~ 0s
  2023-04-18 15:50:50 ............................................................................................................. ~ 1s
  2023-04-18 15:50:51 /build/assets/app.8e169bb6.css .............................................................................. ~ 0s
  2023-04-18 15:50:51 /build/assets/app.97835e37.js ............................................................................... ~ 0s
  2023-04-18 15:50:51 /storage/cover_photos/Qpc4oBgg5WlxZ456TDJOQM79nYyD5UbCiQZrBSP0.jpg .......................................... ~ 0s
  2023-04-18 15:50:51 /favicon.ico ................................................................................................ ~ 0s
  2023-04-18 15:50:53 ............................................................................................................. ~ 0s
  2023-04-18 15:50:54 /favicon.ico ................................................................................................ ~ 0s
  2023-04-18 15:50:55 ............................................................................................................. ~ 1s
  2023-04-18 15:50:56 /build/assets/app.8e169bb6.css .............................................................................. ~ 0s
  2023-04-18 15:50:56 /build/assets/app.97835e37.js ............................................................................... ~ 0s
  2023-04-18 15:50:56 /storage/cover_photos/oVa8BBVQdBCoh8utX2JMT8ieEzsIrpkeMLEgcRlf.jpg .......................................... ~ 0s
  2023-04-18 15:50:56 /favicon.ico ................................................................................................ ~ 0s
  2023-04-18 15:50:58 ............................................................................................................. ~ 1s
  2023-04-18 15:50:59 /favicon.ico ................................................................................................ ~ 0s
  2023-04-18 15:51:05 ............................................................................................................. ~ 1s
  2023-04-18 15:51:06 /css/home.css ............................................................................................... ~ 0s
  2023-04-18 15:51:06 /css/owl.carousel.min.css ................................................................................... ~ 0s
  2023-04-18 15:51:06 /css/owl.theme.default.min.css .............................................................................. ~ 0s
  2023-04-18 15:51:06 /js/owl.carousel.min.js ..................................................................................... ~ 0s
  2023-04-18 15:51:06 ............................................................................................................. ~ 0s
  2023-04-18 15:51:06 /userUi/logo.jpg ............................................................................................ ~ 0s
  2023-04-18 15:51:06 /userUi/RP1.jpg ............................................................................................. ~ 0s
  2023-04-18 15:51:06 /userUi/RP2.jpg ............................................................................................. ~ 0s
  2023-04-18 15:51:06 /userUi/RP3.jpg ............................................................................................. ~ 0s
  2023-04-18 15:51:06 /userUi/RP4.jpg ............................................................................................. ~ 0s
  2023-04-18 15:51:06 /storage/cover_photos/Qpc4oBgg5WlxZ456TDJOQM79nYyD5UbCiQZrBSP0.jpg .......................................... ~ 0s
  2023-04-18 15:51:06 /storage/cover_photos/N1ubpYHuURDxh0wbYlvgV0MQLXfdUbRdLm5HLibW.jpg .......................................... ~ 0s
  2023-04-18 15:51:06 /storage/cover_photos/jfHO9FzFZl5aLxlepW6LgLP25mKNghXUvjwSkEOm.jpg .......................................... ~ 0s
  2023-04-18 15:51:06 /storage/cover_photos/SaWdHdqwHw3uNiZaatkEDU1CoOrkh1ayJmWKHjsr.jpg .......................................... ~ 0s
  2023-04-18 15:51:06 /storage/cover_photos/oVa8BBVQdBCoh8utX2JMT8ieEzsIrpkeMLEgcRlf.jpg .......................................... ~ 0s
  2023-04-18 15:51:06 /storage/cover_photos/mYhncCUKhCy7txGc0nO80C0XVc8sg8fKFyvBuFGk.jpg .......................................... ~ 0s
  2023-04-18 15:51:06 /storage/cover_photos/lPYBjcCPyJTznZPleyen3ecGxJAxMYAbaz8zeGKp.jpg .......................................... ~ 0s
  2023-04-18 15:51:06 /storage/cover_photos/DQY8Tor90BustdWEhiH2Vfn9v2S8VWl3r9r1DamN.jpg .......................................... ~ 0s
  2023-04-18 15:51:06 /storage/cover_photos/wb9IVaowxxBlyViNf0l4R6D17YWOlTQ7tkjMw1Lp.jpg .......................................... ~ 0s
  2023-04-18 15:51:06 /storage/cover_photos/w0TQlFLCgl5NOOXTAGsVsVaauvJNoTw2Cjs8Agkq.jpg .......................................... ~ 0s
  2023-04-18 15:51:06 /storage/cover_photos/ItxOCOGJTcbzGVOQRj1X2lUuGR7zjrvAbA8yTuaN.jpg .......................................... ~ 0s
  2023-04-18 15:51:06 /storage/cover_photos/QM0OsrN2fe566wotOnSFyVoZwLnmqji8hjiZkzTB.jpg .......................................... ~ 0s
  2023-04-18 15:51:07 /favicon.ico ................................................................................................ ~ 0s
  2023-04-18 15:51:07 ............................................................................................................. ~ 1s
  2023-04-18 15:51:08 ............................................................................................................. ~ 0s
  2023-04-18 15:51:08 /build/assets/app.8e169bb6.css .............................................................................. ~ 0s
  2023-04-18 15:51:08 /build/assets/app.97835e37.js ............................................................................... ~ 0s
  2023-04-18 15:51:08 /images/auth-image.jpg ...................................................................................... ~ 0s
  2023-04-18 15:51:08 /images/auth-decoration.png ................................................................................. ~ 0s
  2023-04-18 15:51:09 /favicon.ico ................................................................................................ ~ 0s
  2023-04-18 15:51:10 ............................................................................................................. ~ 0s
  2023-04-18 15:51:10 /build/assets/app.8e169bb6.css .............................................................................. ~ 0s
  2023-04-18 15:51:10 /build/assets/app.97835e37.js ............................................................................... ~ 0s
  2023-04-18 15:51:10 /images/auth-image.jpg ...................................................................................... ~ 0s
  2023-04-18 15:51:10 /images/auth-decoration.png ................................................................................. ~ 0s
  2023-04-18 15:51:11 /favicon.ico ................................................................................................ ~ 0s
  2023-04-18 15:51:25 ............................................................................................................. ~ 1s
  2023-04-18 15:51:26 ............................................................................................................. ~ 1s
  2023-04-18 15:51:27 /css/home.css ............................................................................................... ~ 0s
  2023-04-18 15:51:27 /css/owl.carousel.min.css ................................................................................... ~ 0s
  2023-04-18 15:51:27 /css/owl.theme.default.min.css .............................................................................. ~ 0s
  2023-04-18 15:51:27 /build/assets/app.97835e37.js ............................................................................... ~ 0s
  2023-04-18 15:51:27 /build/assets/app.8e169bb6.css .............................................................................. ~ 0s
  2023-04-18 15:51:27 /js/owl.carousel.min.js ..................................................................................... ~ 0s
  2023-04-18 15:51:27 /userUi/logo.jpg ............................................................................................ ~ 0s
  2023-04-18 15:51:27 /storage/cover_photos/Qpc4oBgg5WlxZ456TDJOQM79nYyD5UbCiQZrBSP0.jpg .......................................... ~ 0s
  2023-04-18 15:51:27 /storage/cover_photos/N1ubpYHuURDxh0wbYlvgV0MQLXfdUbRdLm5HLibW.jpg .......................................... ~ 0s
  2023-04-18 15:51:27 /storage/cover_photos/jfHO9FzFZl5aLxlepW6LgLP25mKNghXUvjwSkEOm.jpg .......................................... ~ 0s
  2023-04-18 15:51:27 /storage/cover_photos/SaWdHdqwHw3uNiZaatkEDU1CoOrkh1ayJmWKHjsr.jpg .......................................... ~ 0s
  2023-04-18 15:51:27 /storage/cover_photos/oVa8BBVQdBCoh8utX2JMT8ieEzsIrpkeMLEgcRlf.jpg .......................................... ~ 0s
  2023-04-18 15:51:27 /storage/cover_photos/mYhncCUKhCy7txGc0nO80C0XVc8sg8fKFyvBuFGk.jpg .......................................... ~ 0s
  2023-04-18 15:51:27 /storage/cover_photos/lPYBjcCPyJTznZPleyen3ecGxJAxMYAbaz8zeGKp.jpg .......................................... ~ 0s
  2023-04-18 15:51:27 /storage/cover_photos/DQY8Tor90BustdWEhiH2Vfn9v2S8VWl3r9r1DamN.jpg .......................................... ~ 0s
  2023-04-18 15:51:27 /storage/cover_photos/wb9IVaowxxBlyViNf0l4R6D17YWOlTQ7tkjMw1Lp.jpg .......................................... ~ 0s
  2023-04-18 15:51:27 /storage/cover_photos/w0TQlFLCgl5NOOXTAGsVsVaauvJNoTw2Cjs8Agkq.jpg .......................................... ~ 0s
  2023-04-18 15:51:27 /favicon.ico ................................................................................................ ~ 0s
  2023-04-18 15:51:29 ............................................................................................................. ~ 1s
  2023-04-18 15:51:30 /build/assets/app.8e169bb6.css .............................................................................. ~ 0s
  2023-04-18 15:51:30 /build/assets/app.97835e37.js ............................................................................... ~ 0s
  2023-04-18 15:51:30 /storage/cover_photos/Qpc4oBgg5WlxZ456TDJOQM79nYyD5UbCiQZrBSP0.jpg .......................................... ~ 0s
  2023-04-18 15:51:30 /favicon.ico ................................................................................................ ~ 0s
  2023-04-18 15:51:33 ............................................................................................................. ~ 0s
  2023-04-18 15:51:34 /favicon.ico ................................................................................................ ~ 0s
  2023-04-18 15:51:35 ............................................................................................................. ~ 1s
  2023-04-18 15:51:36 /build/assets/app.8e169bb6.css .............................................................................. ~ 0s
  2023-04-18 15:51:36 /build/assets/app.97835e37.js ............................................................................... ~ 0s
  2023-04-18 15:51:36 /storage/cover_photos/oVa8BBVQdBCoh8utX2JMT8ieEzsIrpkeMLEgcRlf.jpg .......................................... ~ 0s
  2023-04-18 15:51:36 /favicon.ico ................................................................................................ ~ 0s
  2023-04-18 15:51:41 ............................................................................................................. ~ 1s
  2023-04-18 15:51:42 /build/assets/app.8e169bb6.css .............................................................................. ~ 0s
  2023-04-18 15:51:42 /build/assets/app.97835e37.js ............................................................................... ~ 0s
  2023-04-18 15:51:42 /storage/cover_photos/oVa8BBVQdBCoh8utX2JMT8ieEzsIrpkeMLEgcRlf.jpg .......................................... ~ 0s
  2023-04-18 15:51:42 /favicon.ico ................................................................................................ ~ 0s
  2023-04-18 15:51:44 ............................................................................................................. ~ 1s
  2023-04-18 15:51:45 /favicon.ico ................................................................................................ ~ 0s
  2023-04-18 15:51:47 ............................................................................................................. ~ 1s
  2023-04-18 15:51:48 /build/assets/app.8e169bb6.css .............................................................................. ~ 0s
  2023-04-18 15:51:48 /build/assets/app.97835e37.js ............................................................................... ~ 0s
  2023-04-18 15:51:48 /storage/cover_photos/Qpc4oBgg5WlxZ456TDJOQM79nYyD5UbCiQZrBSP0.jpg .......................................... ~ 0s
  2023-04-18 15:51:48 /favicon.ico ................................................................................................ ~ 0s
